EEC69003
A517175
A517176
EEC64223
EEC70933
EEC69003
EEC67781
EEC67781
EEC67781
EEC67781
EEC7169
EEC7169
EFAF13943
EFAF13943
EFAF13943
EFAF13943
A88174
A88601
9925306
9925306
XACPJ4OCN
8A54695
EEC68431
EEC68431
EEC68431
EEC68431
EEC70933
EEC70933
EEC69003
A618155
8A74236
8A74236
8A74236
8A74236
8A74236
8A74236
EEC70931
EEC69021
A88520
EEF187973
EEC69003
EFAF13963
EFAF13533
F03A31113
345981
A88476
A88476
EEC70163
EEC70163
EEC70163
EEC70163
EFAF13943
EFAF13943
EFAF13943
EFAF13943
EEC7169
F03A31111
EFAF13531
E88403
E88403
EFAF13943
EFAF13943
EFAF13943
EFAF13943
EFAF13943
EFAF13943
EFAF13943
EFAF13943
EEC7185
EEC7143
EEC7185
EEC7185
EEC7143
EEC7185
EEC7143
EEC67781
EEC67781
EEC67781
EEC67781
F03A31113
EFAF13533
EEC61013
C52212
EEC7185
EEC7188
EEC7185
EEC7188
EEC7185
E349018
E88403
E344728
E88408
E88408
EFAF13533
EEC7144
EEC7103
EEC7142
EEC7124
EEC7152
EEC7190
EEC7124